{"/Users/timothee/CODE/COURS/TDD/document-manager-tdd-iim/src/index.ts": {"path":"/Users/timothee/CODE/COURS/TDD/document-manager-tdd-iim/src/index.ts","all":false,"statementMap":{"0":{"start":{"line":1,"column":0},"end":{"line":1,"column":16}},"1":{"start":{"line":2,"column":0},"end":{"line":2,"column":18}},"2":{"start":{"line":3,"column":0},"end":{"line":3,"column":1}},"3":{"start":{"line":4,"column":0},"end":{"line":4,"column":0}},"4":{"start":{"line":5,"column":0},"end":{"line":5,"column":30}},"5":{"start":{"line":6,"column":0},"end":{"line":6,"column":0}},"6":{"start":{"line":7,"column":0},"end":{"line":7,"column":39}},"7":{"start":{"line":8,"column":0},"end":{"line":8,"column":18}},"8":{"start":{"line":9,"column":0},"end":{"line":9,"column":21}},"9":{"start":{"line":10,"column":0},"end":{"line":10,"column":0}},"10":{"start":{"line":11,"column":0},"end":{"line":11,"column":52}},"11":{"start":{"line":12,"column":0},"end":{"line":12,"column":25}},"12":{"start":{"line":13,"column":0},"end":{"line":13,"column":31}},"13":{"start":{"line":14,"column":0},"end":{"line":14,"column":5}},"14":{"start":{"line":15,"column":0},"end":{"line":15,"column":4}},"15":{"start":{"line":16,"column":0},"end":{"line":16,"column":1}},"16":{"start":{"line":17,"column":0},"end":{"line":17,"column":0}},"17":{"start":{"line":18,"column":0},"end":{"line":18,"column":37}},"18":{"start":{"line":19,"column":0},"end":{"line":19,"column":18}},"19":{"start":{"line":20,"column":0},"end":{"line":20,"column":48}},"20":{"start":{"line":21,"column":0},"end":{"line":21,"column":0}},"21":{"start":{"line":22,"column":0},"end":{"line":22,"column":71}},"22":{"start":{"line":23,"column":0},"end":{"line":23,"column":25}},"23":{"start":{"line":24,"column":0},"end":{"line":24,"column":32}},"24":{"start":{"line":25,"column":0},"end":{"line":25,"column":5}},"25":{"start":{"line":26,"column":0},"end":{"line":26,"column":0}},"26":{"start":{"line":27,"column":0},"end":{"line":27,"column":47}},"27":{"start":{"line":28,"column":0},"end":{"line":28,"column":34}},"28":{"start":{"line":29,"column":0},"end":{"line":29,"column":5}},"29":{"start":{"line":30,"column":0},"end":{"line":30,"column":0}},"30":{"start":{"line":31,"column":0},"end":{"line":31,"column":46}},"31":{"start":{"line":32,"column":0},"end":{"line":32,"column":29}},"32":{"start":{"line":33,"column":0},"end":{"line":33,"column":5}},"33":{"start":{"line":34,"column":0},"end":{"line":34,"column":0}},"34":{"start":{"line":35,"column":0},"end":{"line":35,"column":36}},"35":{"start":{"line":36,"column":0},"end":{"line":36,"column":57}},"36":{"start":{"line":37,"column":0},"end":{"line":37,"column":44}},"37":{"start":{"line":38,"column":0},"end":{"line":38,"column":5}},"38":{"start":{"line":39,"column":0},"end":{"line":39,"column":0}},"39":{"start":{"line":40,"column":0},"end":{"line":40,"column":53}},"40":{"start":{"line":41,"column":0},"end":{"line":41,"column":64}},"41":{"start":{"line":42,"column":0},"end":{"line":42,"column":5}},"42":{"start":{"line":43,"column":0},"end":{"line":43,"column":0}},"43":{"start":{"line":44,"column":0},"end":{"line":44,"column":47}},"44":{"start":{"line":45,"column":0},"end":{"line":45,"column":76}},"45":{"start":{"line":46,"column":0},"end":{"line":46,"column":26}},"46":{"start":{"line":47,"column":0},"end":{"line":47,"column":47}},"47":{"start":{"line":48,"column":0},"end":{"line":48,"column":9}},"48":{"start":{"line":49,"column":0},"end":{"line":49,"column":21}},"49":{"start":{"line":50,"column":0},"end":{"line":50,"column":5}},"50":{"start":{"line":51,"column":0},"end":{"line":51,"column":1}},"51":{"start":{"line":52,"column":0},"end":{"line":52,"column":0}},"52":{"start":{"line":53,"column":0},"end":{"line":53,"column":42}},"53":{"start":{"line":54,"column":0},"end":{"line":54,"column":25}},"54":{"start":{"line":55,"column":0},"end":{"line":55,"column":36}},"55":{"start":{"line":56,"column":0},"end":{"line":56,"column":20}},"56":{"start":{"line":57,"column":0},"end":{"line":57,"column":5}},"57":{"start":{"line":58,"column":0},"end":{"line":58,"column":15}},"58":{"start":{"line":59,"column":0},"end":{"line":59,"column":1}},"59":{"start":{"line":60,"column":0},"end":{"line":60,"column":61}},"60":{"start":{"line":61,"column":0},"end":{"line":61,"column":48}},"61":{"start":{"line":62,"column":0},"end":{"line":62,"column":27}},"62":{"start":{"line":63,"column":0},"end":{"line":63,"column":41}},"63":{"start":{"line":64,"column":0},"end":{"line":64,"column":39}},"64":{"start":{"line":65,"column":0},"end":{"line":65,"column":64}},"65":{"start":{"line":66,"column":0},"end":{"line":66,"column":20}},"66":{"start":{"line":67,"column":0},"end":{"line":67,"column":9}},"67":{"start":{"line":68,"column":0},"end":{"line":68,"column":91}},"68":{"start":{"line":69,"column":0},"end":{"line":69,"column":58}},"69":{"start":{"line":70,"column":0},"end":{"line":70,"column":5}},"70":{"start":{"line":71,"column":0},"end":{"line":71,"column":31}},"71":{"start":{"line":72,"column":0},"end":{"line":72,"column":1}},"72":{"start":{"line":73,"column":0},"end":{"line":73,"column":0}},"73":{"start":{"line":74,"column":0},"end":{"line":74,"column":30}},"74":{"start":{"line":75,"column":0},"end":{"line":75,"column":26}},"75":{"start":{"line":76,"column":0},"end":{"line":76,"column":0}},"76":{"start":{"line":77,"column":0},"end":{"line":77,"column":51}},"77":{"start":{"line":78,"column":0},"end":{"line":78,"column":26}},"78":{"start":{"line":79,"column":0},"end":{"line":79,"column":5}},"79":{"start":{"line":80,"column":0},"end":{"line":80,"column":0}},"80":{"start":{"line":81,"column":0},"end":{"line":81,"column":36}},"81":{"start":{"line":82,"column":0},"end":{"line":82,"column":43}},"82":{"start":{"line":83,"column":0},"end":{"line":83,"column":41}},"83":{"start":{"line":84,"column":0},"end":{"line":84,"column":30}},"84":{"start":{"line":85,"column":0},"end":{"line":85,"column":9}},"85":{"start":{"line":86,"column":0},"end":{"line":86,"column":53}},"86":{"start":{"line":87,"column":0},"end":{"line":87,"column":5}},"87":{"start":{"line":88,"column":0},"end":{"line":88,"column":0}},"88":{"start":{"line":89,"column":0},"end":{"line":89,"column":53}},"89":{"start":{"line":90,"column":0},"end":{"line":90,"column":52}},"90":{"start":{"line":91,"column":0},"end":{"line":91,"column":47}},"91":{"start":{"line":92,"column":0},"end":{"line":92,"column":57}},"92":{"start":{"line":93,"column":0},"end":{"line":93,"column":9}},"93":{"start":{"line":94,"column":0},"end":{"line":94,"column":43}},"94":{"start":{"line":95,"column":0},"end":{"line":95,"column":5}},"95":{"start":{"line":96,"column":0},"end":{"line":96,"column":0}},"96":{"start":{"line":97,"column":0},"end":{"line":97,"column":35}},"97":{"start":{"line":98,"column":0},"end":{"line":98,"column":42}},"98":{"start":{"line":99,"column":0},"end":{"line":99,"column":29}},"99":{"start":{"line":100,"column":0},"end":{"line":100,"column":38}},"100":{"start":{"line":101,"column":0},"end":{"line":101,"column":72}},"101":{"start":{"line":102,"column":0},"end":{"line":102,"column":16}},"102":{"start":{"line":103,"column":0},"end":{"line":103,"column":76}},"103":{"start":{"line":104,"column":0},"end":{"line":104,"column":9}},"104":{"start":{"line":105,"column":0},"end":{"line":105,"column":56}},"105":{"start":{"line":106,"column":0},"end":{"line":106,"column":59}},"106":{"start":{"line":107,"column":0},"end":{"line":107,"column":34}},"107":{"start":{"line":108,"column":0},"end":{"line":108,"column":5}},"108":{"start":{"line":109,"column":0},"end":{"line":109,"column":0}},"109":{"start":{"line":110,"column":0},"end":{"line":110,"column":61}},"110":{"start":{"line":111,"column":0},"end":{"line":111,"column":45}},"111":{"start":{"line":112,"column":0},"end":{"line":112,"column":70}},"112":{"start":{"line":113,"column":0},"end":{"line":113,"column":80}},"113":{"start":{"line":114,"column":0},"end":{"line":114,"column":60}},"114":{"start":{"line":115,"column":0},"end":{"line":115,"column":47}},"115":{"start":{"line":116,"column":0},"end":{"line":116,"column":59}},"116":{"start":{"line":117,"column":0},"end":{"line":117,"column":9}},"117":{"start":{"line":118,"column":0},"end":{"line":118,"column":36}},"118":{"start":{"line":119,"column":0},"end":{"line":119,"column":49}},"119":{"start":{"line":120,"column":0},"end":{"line":120,"column":5}},"120":{"start":{"line":121,"column":0},"end":{"line":121,"column":0}},"121":{"start":{"line":122,"column":0},"end":{"line":122,"column":32}},"122":{"start":{"line":123,"column":0},"end":{"line":123,"column":55}},"123":{"start":{"line":124,"column":0},"end":{"line":124,"column":48}},"124":{"start":{"line":125,"column":0},"end":{"line":125,"column":36}},"125":{"start":{"line":126,"column":0},"end":{"line":126,"column":66}},"126":{"start":{"line":127,"column":0},"end":{"line":127,"column":41}},"127":{"start":{"line":128,"column":0},"end":{"line":128,"column":9}},"128":{"start":{"line":129,"column":0},"end":{"line":129,"column":5}},"129":{"start":{"line":130,"column":0},"end":{"line":130,"column":0}},"130":{"start":{"line":131,"column":0},"end":{"line":131,"column":37}},"131":{"start":{"line":132,"column":0},"end":{"line":132,"column":41}},"132":{"start":{"line":133,"column":0},"end":{"line":133,"column":29}},"133":{"start":{"line":134,"column":0},"end":{"line":134,"column":9}},"134":{"start":{"line":135,"column":0},"end":{"line":135,"column":36}},"135":{"start":{"line":136,"column":0},"end":{"line":136,"column":33}},"136":{"start":{"line":137,"column":0},"end":{"line":137,"column":9}},"137":{"start":{"line":138,"column":0},"end":{"line":138,"column":46}},"138":{"start":{"line":139,"column":0},"end":{"line":139,"column":34}},"139":{"start":{"line":140,"column":0},"end":{"line":140,"column":55}},"140":{"start":{"line":141,"column":0},"end":{"line":141,"column":9}},"141":{"start":{"line":142,"column":0},"end":{"line":142,"column":22}},"142":{"start":{"line":143,"column":0},"end":{"line":143,"column":5}},"143":{"start":{"line":144,"column":0},"end":{"line":144,"column":0}},"144":{"start":{"line":145,"column":0},"end":{"line":145,"column":60}},"145":{"start":{"line":146,"column":0},"end":{"line":146,"column":42}},"146":{"start":{"line":147,"column":0},"end":{"line":147,"column":38}},"147":{"start":{"line":148,"column":0},"end":{"line":148,"column":50}},"148":{"start":{"line":149,"column":0},"end":{"line":149,"column":45}},"149":{"start":{"line":150,"column":0},"end":{"line":150,"column":44}},"150":{"start":{"line":151,"column":0},"end":{"line":151,"column":64}},"151":{"start":{"line":152,"column":0},"end":{"line":152,"column":22}},"152":{"start":{"line":153,"column":0},"end":{"line":153,"column":13}},"153":{"start":{"line":154,"column":0},"end":{"line":154,"column":72}},"154":{"start":{"line":155,"column":0},"end":{"line":155,"column":68}},"155":{"start":{"line":156,"column":0},"end":{"line":156,"column":62}},"156":{"start":{"line":157,"column":0},"end":{"line":157,"column":13}},"157":{"start":{"line":158,"column":0},"end":{"line":158,"column":41}},"158":{"start":{"line":159,"column":0},"end":{"line":159,"column":10}},"159":{"start":{"line":160,"column":0},"end":{"line":160,"column":21}},"160":{"start":{"line":161,"column":0},"end":{"line":161,"column":5}},"161":{"start":{"line":162,"column":0},"end":{"line":162,"column":0}},"162":{"start":{"line":163,"column":0},"end":{"line":163,"column":46}},"163":{"start":{"line":164,"column":0},"end":{"line":164,"column":52}},"164":{"start":{"line":165,"column":0},"end":{"line":165,"column":5}},"165":{"start":{"line":166,"column":0},"end":{"line":166,"column":1}}},"s":{"0":1,"1":1,"2":1,"3":1,"4":1,"5":1,"6":1,"7":1,"8":1,"9":1,"10":1,"11":35,"12":35,"13":35,"14":1,"15":34,"16":1,"17":1,"18":1,"19":1,"20":1,"21":1,"22":55,"23":55,"24":55,"25":1,"26":1,"27":32,"28":32,"29":1,"30":1,"31":5,"32":5,"33":1,"34":1,"35":4,"36":4,"37":4,"38":1,"39":1,"40":23,"41":23,"42":1,"43":1,"44":4,"45":4,"46":1,"47":1,"48":3,"49":4,"50":28,"51":1,"52":3,"53":3,"54":3,"55":4,"56":4,"57":3,"58":3,"59":4,"60":4,"61":4,"62":4,"63":3,"64":2,"65":2,"66":2,"67":3,"68":3,"69":3,"70":4,"71":4,"72":1,"73":1,"74":1,"75":1,"76":1,"77":36,"78":36,"79":1,"80":1,"81":4,"82":4,"83":1,"84":1,"85":3,"86":4,"87":1,"88":1,"89":13,"90":13,"91":1,"92":1,"93":11,"94":13,"95":1,"96":1,"97":3,"98":3,"99":3,"100":1,"101":1,"102":1,"103":1,"104":2,"105":2,"106":2,"107":3,"108":1,"109":1,"110":2,"111":2,"112":2,"113":2,"114":2,"115":1,"116":1,"117":1,"118":1,"119":2,"120":1,"121":1,"122":3,"123":3,"124":3,"125":3,"126":3,"127":3,"128":3,"129":1,"130":1,"131":44,"132":24,"133":24,"134":44,"135":12,"136":12,"137":20,"138":44,"139":3,"140":3,"141":16,"142":44,"143":1,"144":1,"145":20,"146":20,"147":20,"148":20,"149":23,"150":19,"151":19,"152":19,"153":4,"154":23,"155":1,"156":1,"157":3,"158":20,"159":20,"160":20,"161":1,"162":1,"163":7,"164":7,"165":36},"branchMap":{"0":{"type":"branch","line":11,"loc":{"start":{"line":11,"column":4},"end":{"line":14,"column":5}},"locations":[{"start":{"line":11,"column":4},"end":{"line":14,"column":5}}]},"1":{"type":"branch","line":16,"loc":{"start":{"line":16,"column":0},"end":{"line":16,"column":1}},"locations":[{"start":{"line":16,"column":0},"end":{"line":16,"column":1}}]},"2":{"type":"branch","line":22,"loc":{"start":{"line":22,"column":4},"end":{"line":25,"column":5}},"locations":[{"start":{"line":22,"column":4},"end":{"line":25,"column":5}}]},"3":{"type":"branch","line":27,"loc":{"start":{"line":27,"column":4},"end":{"line":29,"column":5}},"locations":[{"start":{"line":27,"column":4},"end":{"line":29,"column":5}}]},"4":{"type":"branch","line":31,"loc":{"start":{"line":31,"column":4},"end":{"line":33,"column":5}},"locations":[{"start":{"line":31,"column":4},"end":{"line":33,"column":5}}]},"5":{"type":"branch","line":35,"loc":{"start":{"line":35,"column":4},"end":{"line":38,"column":5}},"locations":[{"start":{"line":35,"column":4},"end":{"line":38,"column":5}}]},"6":{"type":"branch","line":40,"loc":{"start":{"line":40,"column":4},"end":{"line":42,"column":5}},"locations":[{"start":{"line":40,"column":4},"end":{"line":42,"column":5}}]},"7":{"type":"branch","line":41,"loc":{"start":{"line":41,"column":34},"end":{"line":41,"column":62}},"locations":[{"start":{"line":41,"column":34},"end":{"line":41,"column":62}}]},"8":{"type":"branch","line":44,"loc":{"start":{"line":44,"column":4},"end":{"line":50,"column":5}},"locations":[{"start":{"line":44,"column":4},"end":{"line":50,"column":5}}]},"9":{"type":"branch","line":46,"loc":{"start":{"line":46,"column":25},"end":{"line":48,"column":9}},"locations":[{"start":{"line":46,"column":25},"end":{"line":48,"column":9}}]},"10":{"type":"branch","line":48,"loc":{"start":{"line":48,"column":8},"end":{"line":49,"column":21}},"locations":[{"start":{"line":48,"column":8},"end":{"line":49,"column":21}}]},"11":{"type":"branch","line":45,"loc":{"start":{"line":45,"column":46},"end":{"line":45,"column":74}},"locations":[{"start":{"line":45,"column":46},"end":{"line":45,"column":74}}]},"12":{"type":"branch","line":51,"loc":{"start":{"line":51,"column":0},"end":{"line":51,"column":1}},"locations":[{"start":{"line":51,"column":0},"end":{"line":51,"column":1}}]},"13":{"type":"branch","line":53,"loc":{"start":{"line":53,"column":0},"end":{"line":59,"column":1}},"locations":[{"start":{"line":53,"column":0},"end":{"line":59,"column":1}}]},"14":{"type":"branch","line":55,"loc":{"start":{"line":55,"column":35},"end":{"line":57,"column":5}},"locations":[{"start":{"line":55,"column":35},"end":{"line":57,"column":5}}]},"15":{"type":"branch","line":60,"loc":{"start":{"line":60,"column":0},"end":{"line":72,"column":1}},"locations":[{"start":{"line":60,"column":0},"end":{"line":72,"column":1}}]},"16":{"type":"branch","line":63,"loc":{"start":{"line":63,"column":40},"end":{"line":70,"column":5}},"locations":[{"start":{"line":63,"column":40},"end":{"line":70,"column":5}}]},"17":{"type":"branch","line":64,"loc":{"start":{"line":64,"column":38},"end":{"line":67,"column":9}},"locations":[{"start":{"line":64,"column":38},"end":{"line":67,"column":9}}]},"18":{"type":"branch","line":67,"loc":{"start":{"line":67,"column":8},"end":{"line":68,"column":72}},"locations":[{"start":{"line":67,"column":8},"end":{"line":68,"column":72}}]},"19":{"type":"branch","line":68,"loc":{"start":{"line":68,"column":63},"end":{"line":68,"column":78}},"locations":[{"start":{"line":68,"column":63},"end":{"line":68,"column":78}}]},"20":{"type":"branch","line":68,"loc":{"start":{"line":68,"column":72},"end":{"line":68,"column":91}},"locations":[{"start":{"line":68,"column":72},"end":{"line":68,"column":91}}]},"21":{"type":"branch","line":77,"loc":{"start":{"line":77,"column":4},"end":{"line":79,"column":5}},"locations":[{"start":{"line":77,"column":4},"end":{"line":79,"column":5}}]},"22":{"type":"branch","line":81,"loc":{"start":{"line":81,"column":4},"end":{"line":87,"column":5}},"locations":[{"start":{"line":81,"column":4},"end":{"line":87,"column":5}}]},"23":{"type":"branch","line":83,"loc":{"start":{"line":83,"column":40},"end":{"line":85,"column":9}},"locations":[{"start":{"line":83,"column":40},"end":{"line":85,"column":9}}]},"24":{"type":"branch","line":85,"loc":{"start":{"line":85,"column":8},"end":{"line":86,"column":53}},"locations":[{"start":{"line":85,"column":8},"end":{"line":86,"column":53}}]},"25":{"type":"branch","line":89,"loc":{"start":{"line":89,"column":4},"end":{"line":95,"column":5}},"locations":[{"start":{"line":89,"column":4},"end":{"line":95,"column":5}}]},"26":{"type":"branch","line":91,"loc":{"start":{"line":91,"column":46},"end":{"line":93,"column":9}},"locations":[{"start":{"line":91,"column":46},"end":{"line":93,"column":9}}]},"27":{"type":"branch","line":93,"loc":{"start":{"line":93,"column":8},"end":{"line":94,"column":43}},"locations":[{"start":{"line":93,"column":8},"end":{"line":94,"column":43}}]},"28":{"type":"branch","line":97,"loc":{"start":{"line":97,"column":4},"end":{"line":108,"column":5}},"locations":[{"start":{"line":97,"column":4},"end":{"line":108,"column":5}}]},"29":{"type":"branch","line":100,"loc":{"start":{"line":100,"column":37},"end":{"line":104,"column":9}},"locations":[{"start":{"line":100,"column":37},"end":{"line":104,"column":9}}]},"30":{"type":"branch","line":104,"loc":{"start":{"line":104,"column":8},"end":{"line":107,"column":34}},"locations":[{"start":{"line":104,"column":8},"end":{"line":107,"column":34}}]},"31":{"type":"branch","line":110,"loc":{"start":{"line":110,"column":4},"end":{"line":120,"column":5}},"locations":[{"start":{"line":110,"column":4},"end":{"line":120,"column":5}}]},"32":{"type":"branch","line":115,"loc":{"start":{"line":115,"column":46},"end":{"line":119,"column":49}},"locations":[{"start":{"line":115,"column":46},"end":{"line":119,"column":49}}]},"33":{"type":"branch","line":122,"loc":{"start":{"line":122,"column":4},"end":{"line":129,"column":5}},"locations":[{"start":{"line":122,"column":4},"end":{"line":129,"column":5}}]},"34":{"type":"branch","line":131,"loc":{"start":{"line":131,"column":4},"end":{"line":143,"column":5}},"locations":[{"start":{"line":131,"column":4},"end":{"line":143,"column":5}}]},"35":{"type":"branch","line":132,"loc":{"start":{"line":132,"column":20},"end":{"line":132,"column":40}},"locations":[{"start":{"line":132,"column":20},"end":{"line":132,"column":40}}]},"36":{"type":"branch","line":132,"loc":{"start":{"line":132,"column":40},"end":{"line":134,"column":9}},"locations":[{"start":{"line":132,"column":40},"end":{"line":134,"column":9}}]},"37":{"type":"branch","line":134,"loc":{"start":{"line":134,"column":8},"end":{"line":135,"column":35}},"locations":[{"start":{"line":134,"column":8},"end":{"line":135,"column":35}}]},"38":{"type":"branch","line":135,"loc":{"start":{"line":135,"column":35},"end":{"line":137,"column":9}},"locations":[{"start":{"line":135,"column":35},"end":{"line":137,"column":9}}]},"39":{"type":"branch","line":137,"loc":{"start":{"line":137,"column":8},"end":{"line":139,"column":33}},"locations":[{"start":{"line":137,"column":8},"end":{"line":139,"column":33}}]},"40":{"type":"branch","line":139,"loc":{"start":{"line":139,"column":33},"end":{"line":141,"column":9}},"locations":[{"start":{"line":139,"column":33},"end":{"line":141,"column":9}}]},"41":{"type":"branch","line":141,"loc":{"start":{"line":141,"column":8},"end":{"line":142,"column":22}},"locations":[{"start":{"line":141,"column":8},"end":{"line":142,"column":22}}]},"42":{"type":"branch","line":145,"loc":{"start":{"line":145,"column":12},"end":{"line":161,"column":5}},"locations":[{"start":{"line":145,"column":12},"end":{"line":161,"column":5}}]},"43":{"type":"branch","line":149,"loc":{"start":{"line":149,"column":26},"end":{"line":159,"column":9}},"locations":[{"start":{"line":149,"column":26},"end":{"line":159,"column":9}}]},"44":{"type":"branch","line":150,"loc":{"start":{"line":150,"column":43},"end":{"line":153,"column":13}},"locations":[{"start":{"line":150,"column":43},"end":{"line":153,"column":13}}]},"45":{"type":"branch","line":153,"loc":{"start":{"line":153,"column":12},"end":{"line":155,"column":32}},"locations":[{"start":{"line":153,"column":12},"end":{"line":155,"column":32}}]},"46":{"type":"branch","line":155,"loc":{"start":{"line":155,"column":16},"end":{"line":155,"column":67}},"locations":[{"start":{"line":155,"column":16},"end":{"line":155,"column":67}}]},"47":{"type":"branch","line":155,"loc":{"start":{"line":155,"column":67},"end":{"line":157,"column":13}},"locations":[{"start":{"line":155,"column":67},"end":{"line":157,"column":13}}]},"48":{"type":"branch","line":157,"loc":{"start":{"line":157,"column":12},"end":{"line":158,"column":41}},"locations":[{"start":{"line":157,"column":12},"end":{"line":158,"column":41}}]},"49":{"type":"branch","line":163,"loc":{"start":{"line":163,"column":4},"end":{"line":165,"column":5}},"locations":[{"start":{"line":163,"column":4},"end":{"line":165,"column":5}}]},"50":{"type":"branch","line":166,"loc":{"start":{"line":166,"column":0},"end":{"line":166,"column":1}},"locations":[{"start":{"line":166,"column":0},"end":{"line":166,"column":1}}]}},"b":{"0":[35],"1":[34],"2":[55],"3":[32],"4":[5],"5":[4],"6":[23],"7":[24],"8":[4],"9":[1],"10":[3],"11":[3],"12":[28],"13":[3],"14":[4],"15":[4],"16":[3],"17":[2],"18":[1],"19":[0],"20":[1],"21":[36],"22":[4],"23":[1],"24":[3],"25":[13],"26":[1],"27":[11],"28":[3],"29":[1],"30":[2],"31":[2],"32":[1],"33":[3],"34":[44],"35":[29],"36":[24],"37":[20],"38":[12],"39":[20],"40":[3],"41":[16],"42":[20],"43":[23],"44":[19],"45":[4],"46":[3],"47":[1],"48":[3],"49":[7],"50":[36]},"fnMap":{"0":{"name":"TextFile","decl":{"start":{"line":11,"column":4},"end":{"line":14,"column":5}},"loc":{"start":{"line":11,"column":4},"end":{"line":14,"column":5}},"line":11},"1":{"name":"get","decl":{"start":{"line":16,"column":0},"end":{"line":16,"column":1}},"loc":{"start":{"line":16,"column":0},"end":{"line":16,"column":1}},"line":16},"2":{"name":"Folder","decl":{"start":{"line":22,"column":4},"end":{"line":25,"column":5}},"loc":{"start":{"line":22,"column":4},"end":{"line":25,"column":5}},"line":22},"3":{"name":"addChild","decl":{"start":{"line":27,"column":4},"end":{"line":29,"column":5}},"loc":{"start":{"line":27,"column":4},"end":{"line":29,"column":5}},"line":27},"4":{"name":"getChildren","decl":{"start":{"line":31,"column":4},"end":{"line":33,"column":5}},"loc":{"start":{"line":31,"column":4},"end":{"line":33,"column":5}},"line":31},"5":{"name":"deleteChild","decl":{"start":{"line":35,"column":4},"end":{"line":38,"column":5}},"loc":{"start":{"line":35,"column":4},"end":{"line":38,"column":5}},"line":35},"6":{"name":"getChildByName","decl":{"start":{"line":40,"column":4},"end":{"line":42,"column":5}},"loc":{"start":{"line":40,"column":4},"end":{"line":42,"column":5}},"line":40},"7":{"name":"getChildIndexByName","decl":{"start":{"line":44,"column":4},"end":{"line":50,"column":5}},"loc":{"start":{"line":44,"column":4},"end":{"line":50,"column":5}},"line":44},"8":{"name":"get","decl":{"start":{"line":51,"column":0},"end":{"line":51,"column":1}},"loc":{"start":{"line":51,"column":0},"end":{"line":51,"column":1}},"line":51},"9":{"name":"getTabs","decl":{"start":{"line":53,"column":0},"end":{"line":59,"column":1}},"loc":{"start":{"line":53,"column":0},"end":{"line":59,"column":1}},"line":53},"10":{"name":"folderToString","decl":{"start":{"line":60,"column":0},"end":{"line":72,"column":1}},"loc":{"start":{"line":60,"column":0},"end":{"line":72,"column":1}},"line":60},"11":{"name":"DocumentManager","decl":{"start":{"line":77,"column":4},"end":{"line":79,"column":5}},"loc":{"start":{"line":77,"column":4},"end":{"line":79,"column":5}},"line":77},"12":{"name":"toString","decl":{"start":{"line":81,"column":4},"end":{"line":87,"column":5}},"loc":{"start":{"line":81,"column":4},"end":{"line":87,"column":5}},"line":81},"13":{"name":"addChild","decl":{"start":{"line":89,"column":4},"end":{"line":95,"column":5}},"loc":{"start":{"line":89,"column":4},"end":{"line":95,"column":5}},"line":89},"14":{"name":"duplicate","decl":{"start":{"line":97,"column":4},"end":{"line":108,"column":5}},"loc":{"start":{"line":97,"column":4},"end":{"line":108,"column":5}},"line":97},"15":{"name":"move","decl":{"start":{"line":110,"column":4},"end":{"line":120,"column":5}},"loc":{"start":{"line":110,"column":4},"end":{"line":120,"column":5}},"line":110},"16":{"name":"delete","decl":{"start":{"line":122,"column":4},"end":{"line":129,"column":5}},"loc":{"start":{"line":122,"column":4},"end":{"line":129,"column":5}},"line":122},"17":{"name":"getChild","decl":{"start":{"line":131,"column":4},"end":{"line":143,"column":5}},"loc":{"start":{"line":131,"column":4},"end":{"line":143,"column":5}},"line":131},"18":{"name":"tryToGetFile","decl":{"start":{"line":145,"column":12},"end":{"line":161,"column":5}},"loc":{"start":{"line":145,"column":12},"end":{"line":161,"column":5}},"line":145},"19":{"name":"extractFolderPath","decl":{"start":{"line":163,"column":4},"end":{"line":165,"column":5}},"loc":{"start":{"line":163,"column":4},"end":{"line":165,"column":5}},"line":163},"20":{"name":"get","decl":{"start":{"line":166,"column":0},"end":{"line":166,"column":1}},"loc":{"start":{"line":166,"column":0},"end":{"line":166,"column":1}},"line":166}},"f":{"0":35,"1":34,"2":55,"3":32,"4":5,"5":4,"6":23,"7":4,"8":28,"9":3,"10":4,"11":36,"12":4,"13":13,"14":3,"15":2,"16":3,"17":44,"18":20,"19":7,"20":36}}
}
