{"/Users/timothee/CODE/COURS/TDD/document-manager-tdd-iim/src/index.ts": {"path":"/Users/timothee/CODE/COURS/TDD/document-manager-tdd-iim/src/index.ts","all":false,"statementMap":{"0":{"start":{"line":1,"column":0},"end":{"line":1,"column":16}},"1":{"start":{"line":2,"column":0},"end":{"line":2,"column":18}},"2":{"start":{"line":3,"column":0},"end":{"line":3,"column":1}},"3":{"start":{"line":4,"column":0},"end":{"line":4,"column":0}},"4":{"start":{"line":5,"column":0},"end":{"line":5,"column":42}},"5":{"start":{"line":6,"column":0},"end":{"line":6,"column":0}},"6":{"start":{"line":7,"column":0},"end":{"line":7,"column":39}},"7":{"start":{"line":8,"column":0},"end":{"line":8,"column":18}},"8":{"start":{"line":9,"column":0},"end":{"line":9,"column":21}},"9":{"start":{"line":10,"column":0},"end":{"line":10,"column":0}},"10":{"start":{"line":11,"column":0},"end":{"line":11,"column":52}},"11":{"start":{"line":12,"column":0},"end":{"line":12,"column":25}},"12":{"start":{"line":13,"column":0},"end":{"line":13,"column":31}},"13":{"start":{"line":14,"column":0},"end":{"line":14,"column":5}},"14":{"start":{"line":15,"column":0},"end":{"line":15,"column":4}},"15":{"start":{"line":16,"column":0},"end":{"line":16,"column":1}},"16":{"start":{"line":17,"column":0},"end":{"line":17,"column":0}},"17":{"start":{"line":18,"column":0},"end":{"line":18,"column":37}},"18":{"start":{"line":19,"column":0},"end":{"line":19,"column":18}},"19":{"start":{"line":20,"column":0},"end":{"line":20,"column":48}},"20":{"start":{"line":21,"column":0},"end":{"line":21,"column":0}},"21":{"start":{"line":22,"column":0},"end":{"line":22,"column":30}},"22":{"start":{"line":23,"column":0},"end":{"line":23,"column":25}},"23":{"start":{"line":24,"column":0},"end":{"line":24,"column":26}},"24":{"start":{"line":25,"column":0},"end":{"line":25,"column":5}},"25":{"start":{"line":26,"column":0},"end":{"line":26,"column":0}},"26":{"start":{"line":27,"column":0},"end":{"line":27,"column":47}},"27":{"start":{"line":28,"column":0},"end":{"line":28,"column":34}},"28":{"start":{"line":29,"column":0},"end":{"line":29,"column":5}},"29":{"start":{"line":30,"column":0},"end":{"line":30,"column":0}},"30":{"start":{"line":31,"column":0},"end":{"line":31,"column":46}},"31":{"start":{"line":32,"column":0},"end":{"line":32,"column":29}},"32":{"start":{"line":33,"column":0},"end":{"line":33,"column":5}},"33":{"start":{"line":34,"column":0},"end":{"line":34,"column":0}},"34":{"start":{"line":35,"column":0},"end":{"line":35,"column":41}},"35":{"start":{"line":36,"column":0},"end":{"line":36,"column":64}},"36":{"start":{"line":37,"column":0},"end":{"line":37,"column":5}},"37":{"start":{"line":38,"column":0},"end":{"line":38,"column":0}},"38":{"start":{"line":39,"column":0},"end":{"line":39,"column":47}},"39":{"start":{"line":40,"column":0},"end":{"line":40,"column":69}},"40":{"start":{"line":41,"column":0},"end":{"line":41,"column":5}},"41":{"start":{"line":42,"column":0},"end":{"line":42,"column":1}},"42":{"start":{"line":43,"column":0},"end":{"line":43,"column":0}},"43":{"start":{"line":44,"column":0},"end":{"line":44,"column":30}},"44":{"start":{"line":45,"column":0},"end":{"line":45,"column":26}},"45":{"start":{"line":46,"column":0},"end":{"line":46,"column":0}},"46":{"start":{"line":47,"column":0},"end":{"line":47,"column":51}},"47":{"start":{"line":48,"column":0},"end":{"line":48,"column":26}},"48":{"start":{"line":49,"column":0},"end":{"line":49,"column":5}},"49":{"start":{"line":50,"column":0},"end":{"line":50,"column":0}},"50":{"start":{"line":51,"column":0},"end":{"line":51,"column":33}},"51":{"start":{"line":52,"column":0},"end":{"line":52,"column":40}},"52":{"start":{"line":53,"column":0},"end":{"line":53,"column":18}},"53":{"start":{"line":54,"column":0},"end":{"line":54,"column":5}},"54":{"start":{"line":55,"column":0},"end":{"line":55,"column":0}},"55":{"start":{"line":56,"column":0},"end":{"line":56,"column":63}},"56":{"start":{"line":57,"column":0},"end":{"line":57,"column":51}},"57":{"start":{"line":58,"column":0},"end":{"line":58,"column":42}},"58":{"start":{"line":59,"column":0},"end":{"line":59,"column":49}},"59":{"start":{"line":60,"column":0},"end":{"line":60,"column":9}},"60":{"start":{"line":61,"column":0},"end":{"line":61,"column":25}},"61":{"start":{"line":62,"column":0},"end":{"line":62,"column":40}},"62":{"start":{"line":63,"column":0},"end":{"line":63,"column":9}},"63":{"start":{"line":64,"column":0},"end":{"line":64,"column":0}},"64":{"start":{"line":65,"column":0},"end":{"line":65,"column":41}},"65":{"start":{"line":66,"column":0},"end":{"line":66,"column":8}},"66":{"start":{"line":67,"column":0},"end":{"line":67,"column":5}},"67":{"start":{"line":68,"column":0},"end":{"line":68,"column":0}},"68":{"start":{"line":69,"column":0},"end":{"line":69,"column":32}},"69":{"start":{"line":70,"column":0},"end":{"line":70,"column":50}},"70":{"start":{"line":71,"column":0},"end":{"line":71,"column":8}},"71":{"start":{"line":72,"column":0},"end":{"line":72,"column":5}},"72":{"start":{"line":73,"column":0},"end":{"line":73,"column":0}},"73":{"start":{"line":74,"column":0},"end":{"line":74,"column":49}},"74":{"start":{"line":75,"column":0},"end":{"line":75,"column":41}},"75":{"start":{"line":76,"column":0},"end":{"line":76,"column":29}},"76":{"start":{"line":77,"column":0},"end":{"line":77,"column":9}},"77":{"start":{"line":78,"column":0},"end":{"line":78,"column":29}},"78":{"start":{"line":79,"column":0},"end":{"line":79,"column":33}},"79":{"start":{"line":80,"column":0},"end":{"line":80,"column":9}},"80":{"start":{"line":81,"column":0},"end":{"line":81,"column":42}},"81":{"start":{"line":82,"column":0},"end":{"line":82,"column":8}},"82":{"start":{"line":83,"column":0},"end":{"line":83,"column":38}},"83":{"start":{"line":84,"column":0},"end":{"line":84,"column":38}},"84":{"start":{"line":85,"column":0},"end":{"line":85,"column":46}},"85":{"start":{"line":86,"column":0},"end":{"line":86,"column":46}},"86":{"start":{"line":87,"column":0},"end":{"line":87,"column":77}},"87":{"start":{"line":88,"column":0},"end":{"line":88,"column":72}},"88":{"start":{"line":89,"column":0},"end":{"line":89,"column":57}},"89":{"start":{"line":90,"column":0},"end":{"line":90,"column":17}},"90":{"start":{"line":91,"column":0},"end":{"line":91,"column":45}},"91":{"start":{"line":92,"column":0},"end":{"line":92,"column":23}},"92":{"start":{"line":93,"column":0},"end":{"line":93,"column":13}},"93":{"start":{"line":94,"column":0},"end":{"line":94,"column":61}},"94":{"start":{"line":95,"column":0},"end":{"line":95,"column":10}},"95":{"start":{"line":96,"column":0},"end":{"line":96,"column":34}},"96":{"start":{"line":97,"column":0},"end":{"line":97,"column":46}},"97":{"start":{"line":98,"column":0},"end":{"line":98,"column":9}},"98":{"start":{"line":99,"column":0},"end":{"line":99,"column":22}},"99":{"start":{"line":100,"column":0},"end":{"line":100,"column":5}},"100":{"start":{"line":101,"column":0},"end":{"line":101,"column":1}}},"s":{"0":1,"1":1,"2":1,"3":1,"4":1,"5":1,"6":1,"7":1,"8":1,"9":1,"10":1,"11":14,"12":14,"13":14,"14":1,"15":14,"16":1,"17":1,"18":1,"19":1,"20":1,"21":1,"22":20,"23":20,"24":20,"25":1,"26":1,"27":9,"28":9,"29":1,"30":1,"31":0,"32":0,"33":1,"34":1,"35":7,"36":7,"37":1,"38":1,"39":0,"40":0,"41":10,"42":1,"43":1,"44":1,"45":1,"46":1,"47":18,"48":18,"49":1,"50":1,"51":0,"52":0,"53":0,"54":1,"55":1,"56":4,"57":4,"58":0,"59":0,"60":2,"61":2,"62":2,"63":0,"64":0,"65":4,"66":4,"67":1,"68":1,"69":0,"70":0,"71":0,"72":1,"73":1,"74":10,"75":4,"76":4,"77":10,"78":5,"79":5,"80":6,"81":6,"82":6,"83":6,"84":6,"85":7,"86":2,"87":2,"88":1,"89":1,"90":1,"91":1,"92":1,"93":5,"94":6,"95":10,"96":3,"97":3,"98":2,"99":10,"100":18},"branchMap":{"0":{"type":"branch","line":11,"loc":{"start":{"line":11,"column":4},"end":{"line":14,"column":5}},"locations":[{"start":{"line":11,"column":4},"end":{"line":14,"column":5}}]},"1":{"type":"branch","line":16,"loc":{"start":{"line":16,"column":0},"end":{"line":16,"column":1}},"locations":[{"start":{"line":16,"column":0},"end":{"line":16,"column":1}}]},"2":{"type":"branch","line":22,"loc":{"start":{"line":22,"column":4},"end":{"line":25,"column":5}},"locations":[{"start":{"line":22,"column":4},"end":{"line":25,"column":5}}]},"3":{"type":"branch","line":27,"loc":{"start":{"line":27,"column":4},"end":{"line":29,"column":5}},"locations":[{"start":{"line":27,"column":4},"end":{"line":29,"column":5}}]},"4":{"type":"branch","line":35,"loc":{"start":{"line":35,"column":4},"end":{"line":37,"column":5}},"locations":[{"start":{"line":35,"column":4},"end":{"line":37,"column":5}}]},"5":{"type":"branch","line":36,"loc":{"start":{"line":36,"column":34},"end":{"line":36,"column":62}},"locations":[{"start":{"line":36,"column":34},"end":{"line":36,"column":62}}]},"6":{"type":"branch","line":42,"loc":{"start":{"line":42,"column":0},"end":{"line":42,"column":1}},"locations":[{"start":{"line":42,"column":0},"end":{"line":42,"column":1}}]},"7":{"type":"branch","line":47,"loc":{"start":{"line":47,"column":4},"end":{"line":49,"column":5}},"locations":[{"start":{"line":47,"column":4},"end":{"line":49,"column":5}}]},"8":{"type":"branch","line":56,"loc":{"start":{"line":56,"column":4},"end":{"line":67,"column":5}},"locations":[{"start":{"line":56,"column":4},"end":{"line":67,"column":5}}]},"9":{"type":"branch","line":58,"loc":{"start":{"line":58,"column":41},"end":{"line":60,"column":9}},"locations":[{"start":{"line":58,"column":41},"end":{"line":60,"column":9}}]},"10":{"type":"branch","line":60,"loc":{"start":{"line":60,"column":8},"end":{"line":63,"column":9}},"locations":[{"start":{"line":60,"column":8},"end":{"line":63,"column":9}}]},"11":{"type":"branch","line":63,"loc":{"start":{"line":63,"column":8},"end":{"line":65,"column":41}},"locations":[{"start":{"line":63,"column":8},"end":{"line":65,"column":41}}]},"12":{"type":"branch","line":74,"loc":{"start":{"line":74,"column":4},"end":{"line":100,"column":5}},"locations":[{"start":{"line":74,"column":4},"end":{"line":100,"column":5}}]},"13":{"type":"branch","line":75,"loc":{"start":{"line":75,"column":20},"end":{"line":75,"column":40}},"locations":[{"start":{"line":75,"column":20},"end":{"line":75,"column":40}}]},"14":{"type":"branch","line":75,"loc":{"start":{"line":75,"column":40},"end":{"line":77,"column":9}},"locations":[{"start":{"line":75,"column":40},"end":{"line":77,"column":9}}]},"15":{"type":"branch","line":77,"loc":{"start":{"line":77,"column":8},"end":{"line":78,"column":28}},"locations":[{"start":{"line":77,"column":8},"end":{"line":78,"column":28}}]},"16":{"type":"branch","line":78,"loc":{"start":{"line":78,"column":28},"end":{"line":80,"column":9}},"locations":[{"start":{"line":78,"column":28},"end":{"line":80,"column":9}}]},"17":{"type":"branch","line":80,"loc":{"start":{"line":80,"column":8},"end":{"line":96,"column":33}},"locations":[{"start":{"line":80,"column":8},"end":{"line":96,"column":33}}]},"18":{"type":"branch","line":96,"loc":{"start":{"line":96,"column":33},"end":{"line":98,"column":9}},"locations":[{"start":{"line":96,"column":33},"end":{"line":98,"column":9}}]},"19":{"type":"branch","line":98,"loc":{"start":{"line":98,"column":8},"end":{"line":99,"column":22}},"locations":[{"start":{"line":98,"column":8},"end":{"line":99,"column":22}}]},"20":{"type":"branch","line":85,"loc":{"start":{"line":85,"column":26},"end":{"line":95,"column":9}},"locations":[{"start":{"line":85,"column":26},"end":{"line":95,"column":9}}]},"21":{"type":"branch","line":86,"loc":{"start":{"line":86,"column":43},"end":{"line":93,"column":13}},"locations":[{"start":{"line":86,"column":43},"end":{"line":93,"column":13}}]},"22":{"type":"branch","line":88,"loc":{"start":{"line":88,"column":20},"end":{"line":88,"column":71}},"locations":[{"start":{"line":88,"column":20},"end":{"line":88,"column":71}}]},"23":{"type":"branch","line":88,"loc":{"start":{"line":88,"column":71},"end":{"line":93,"column":13}},"locations":[{"start":{"line":88,"column":71},"end":{"line":93,"column":13}}]},"24":{"type":"branch","line":93,"loc":{"start":{"line":93,"column":12},"end":{"line":94,"column":61}},"locations":[{"start":{"line":93,"column":12},"end":{"line":94,"column":61}}]},"25":{"type":"branch","line":101,"loc":{"start":{"line":101,"column":0},"end":{"line":101,"column":1}},"locations":[{"start":{"line":101,"column":0},"end":{"line":101,"column":1}}]}},"b":{"0":[14],"1":[14],"2":[20],"3":[9],"4":[7],"5":[5],"6":[10],"7":[18],"8":[4],"9":[0],"10":[2],"11":[0],"12":[10],"13":[7],"14":[4],"15":[6],"16":[5],"17":[6],"18":[3],"19":[2],"20":[7],"21":[2],"22":[1],"23":[1],"24":[5],"25":[18]},"fnMap":{"0":{"name":"TextFile","decl":{"start":{"line":11,"column":4},"end":{"line":14,"column":5}},"loc":{"start":{"line":11,"column":4},"end":{"line":14,"column":5}},"line":11},"1":{"name":"get","decl":{"start":{"line":16,"column":0},"end":{"line":16,"column":1}},"loc":{"start":{"line":16,"column":0},"end":{"line":16,"column":1}},"line":16},"2":{"name":"Folder","decl":{"start":{"line":22,"column":4},"end":{"line":25,"column":5}},"loc":{"start":{"line":22,"column":4},"end":{"line":25,"column":5}},"line":22},"3":{"name":"addChild","decl":{"start":{"line":27,"column":4},"end":{"line":29,"column":5}},"loc":{"start":{"line":27,"column":4},"end":{"line":29,"column":5}},"line":27},"4":{"name":"getChildren","decl":{"start":{"line":31,"column":4},"end":{"line":33,"column":5}},"loc":{"start":{"line":31,"column":4},"end":{"line":33,"column":5}},"line":31},"5":{"name":"getChildByName","decl":{"start":{"line":35,"column":4},"end":{"line":37,"column":5}},"loc":{"start":{"line":35,"column":4},"end":{"line":37,"column":5}},"line":35},"6":{"name":"getChildIndexByName","decl":{"start":{"line":39,"column":4},"end":{"line":41,"column":5}},"loc":{"start":{"line":39,"column":4},"end":{"line":41,"column":5}},"line":39},"7":{"name":"get","decl":{"start":{"line":42,"column":0},"end":{"line":42,"column":1}},"loc":{"start":{"line":42,"column":0},"end":{"line":42,"column":1}},"line":42},"8":{"name":"DocumentManager","decl":{"start":{"line":47,"column":4},"end":{"line":49,"column":5}},"loc":{"start":{"line":47,"column":4},"end":{"line":49,"column":5}},"line":47},"9":{"name":"listFiles","decl":{"start":{"line":51,"column":4},"end":{"line":54,"column":5}},"loc":{"start":{"line":51,"column":4},"end":{"line":54,"column":5}},"line":51},"10":{"name":"addChild","decl":{"start":{"line":56,"column":4},"end":{"line":67,"column":5}},"loc":{"start":{"line":56,"column":4},"end":{"line":67,"column":5}},"line":56},"11":{"name":"delete","decl":{"start":{"line":69,"column":4},"end":{"line":72,"column":5}},"loc":{"start":{"line":69,"column":4},"end":{"line":72,"column":5}},"line":69},"12":{"name":"getChild","decl":{"start":{"line":74,"column":4},"end":{"line":100,"column":5}},"loc":{"start":{"line":74,"column":4},"end":{"line":100,"column":5}},"line":74},"13":{"name":"get","decl":{"start":{"line":101,"column":0},"end":{"line":101,"column":1}},"loc":{"start":{"line":101,"column":0},"end":{"line":101,"column":1}},"line":101}},"f":{"0":14,"1":14,"2":20,"3":9,"4":0,"5":7,"6":0,"7":10,"8":18,"9":0,"10":4,"11":0,"12":10,"13":18}}
}
